2024-07-08 11:48:28,896 - test_du_head.py - INFO: Pytorch version: 2.2.0+cu118
2024-07-08 11:48:29,009 - test_du_head.py - INFO: GPU type: NVIDIA GeForce RTX 4090
2024-07-08 11:48:29,009 - test_du_head.py - INFO: 
args: Namespace(backbone='vit_base_patch16_224', pooling='gmp', pretrained=True, data_folder='../VOC2012', list_folder='../datasets/voc', num_classes=21, crop_size=448, local_crop_size=96, ignore_index=255, work_dir='work_dir_voc_wseg/2024-07-08-11-48-28-893401', train_set='train_aug', val_set='val', spg=4, scales=(0.5, 2), optimizer='PolyWarmupAdamW', lr=6e-05, warmup_lr=6e-06, wt_decay=0.01, betas=(0.9, 0.999), power=0.9, max_iters=8000, log_iters=200, eval_iters=2000, warmup_iters=1500, high_thre=0.7, low_thre=0.25, bkg_thre=0.5, cam_scales=(1.0, 0.5, 1.5), w_ptc=0.2, w_ctc=0.45, w_seg=0.1, w_reg=0.05, uncertain_region_thre=0.2, temp=0.5, momentum=0.9, aux_layer=-3, seed=0, save_ckpt=True, local_rank=0, num_workers=10, backend='nccl', ckpt_dir='work_dir_voc_wseg/2024-07-08-11-48-28-893401/checkpoints', pred_dir='work_dir_voc_wseg/2024-07-08-11-48-28-893401/predictions')
2024-07-08 11:48:29,013 - test_du_head.py - INFO: Total gpus: 3, samples per gpu: 4...
2024-07-08 11:48:33,345 - test_du_head.py - INFO: 
Optimizer: 
PolyWarmupAdamW (
Parameter Group 0
    amsgrad: False
    betas: (0.9, 0.999)
    capturable: False
    differentiable: False
    eps: 1e-08
    foreach: None
    fused: None
    lr: 0.00012
    maximize: False
    weight_decay: 0.01

Parameter Group 1
    amsgrad: False
    betas: (0.9, 0.999)
    capturable: False
    differentiable: False
    eps: 1e-08
    foreach: None
    fused: None
    lr: 0.00012
    maximize: False
    weight_decay: 0.01

Parameter Group 2
    amsgrad: False
    betas: (0.9, 0.999)
    capturable: False
    differentiable: False
    eps: 1e-08
    foreach: None
    fused: None
    lr: 0.0006000000000000001
    maximize: False
    weight_decay: 0.01

Parameter Group 3
    amsgrad: False
    betas: (0.9, 0.999)
    capturable: False
    differentiable: False
    eps: 1e-08
    foreach: None
    fused: None
    lr: 0.0006000000000000001
    maximize: False
    weight_decay: 0.01
)
2024-07-08 11:53:48,294 - test_du_head.py - INFO: Iter: 200; Elasped: 0:05:19; ETA: 3:27:21; LR: 1.592e-05; cls_loss: 0.4790, cls_loss_aux: 3.7165, ptc_loss: 0.8922, aur_loss: 0.0000, dcc_loss: 0.0000..., spacial_bce_loss: 0.5476...,network_sim_loss: 0.1988... 
2024-07-08 11:58:59,906 - test_du_head.py - INFO: Iter: 400; Elasped: 0:10:30; ETA: 3:19:30; LR: 3.192e-05; cls_loss: 0.2302, cls_loss_aux: 0.2529, ptc_loss: 0.9341, aur_loss: 0.0000, dcc_loss: 0.0000..., spacial_bce_loss: 0.3299...,network_sim_loss: 0.2497... 
2024-07-08 12:04:11,484 - test_du_head.py - INFO: Iter: 600; Elasped: 0:15:42; ETA: 3:13:38; LR: 4.792e-05; cls_loss: 0.1790, cls_loss_aux: 0.1867, ptc_loss: 0.8113, aur_loss: 0.0000, dcc_loss: 0.0000..., spacial_bce_loss: 0.3889...,network_sim_loss: 0.2520... 
2024-07-08 12:09:22,620 - test_du_head.py - INFO: Iter: 800; Elasped: 0:20:53; ETA: 3:07:57; LR: 6.392e-05; cls_loss: 0.1315, cls_loss_aux: 0.1503, ptc_loss: 0.5800, aur_loss: 0.0000, dcc_loss: 0.0000..., spacial_bce_loss: 0.4649...,network_sim_loss: 0.2534... 
2024-07-08 12:14:35,205 - test_du_head.py - INFO: Iter: 1000; Elasped: 0:26:06; ETA: 3:02:42; LR: 7.992e-05; cls_loss: 0.1048, cls_loss_aux: 0.1219, ptc_loss: 0.3222, aur_loss: 0.0000, dcc_loss: 0.0000..., spacial_bce_loss: 0.4985...,network_sim_loss: 0.2248... 
2024-07-08 12:19:46,875 - test_du_head.py - INFO: Iter: 1200; Elasped: 0:31:17; ETA: 2:57:16; LR: 9.592e-05; cls_loss: 0.0912, cls_loss_aux: 0.1131, ptc_loss: 0.2462, aur_loss: 0.0000, dcc_loss: 0.0000..., spacial_bce_loss: 0.5030...,network_sim_loss: 0.1903... 
2024-07-08 12:24:58,158 - test_du_head.py - INFO: Iter: 1400; Elasped: 0:36:29; ETA: 2:51:59; LR: 1.119e-04; cls_loss: 0.0764, cls_loss_aux: 0.1020, ptc_loss: 0.1922, aur_loss: 0.0000, dcc_loss: 0.0000..., spacial_bce_loss: 0.4905...,network_sim_loss: 0.1525... 
2024-07-08 12:30:10,012 - test_du_head.py - INFO: Iter: 1600; Elasped: 0:41:41; ETA: 2:46:44; LR: 9.818e-05; cls_loss: 0.0746, cls_loss_aux: 0.1006, ptc_loss: 0.1811, aur_loss: 0.0000, dcc_loss: 0.0000..., spacial_bce_loss: 0.4868...,network_sim_loss: 0.1324... 
2024-07-08 12:35:27,990 - test_du_head.py - INFO: Iter: 1800; Elasped: 0:46:58; ETA: 2:41:46; LR: 9.541e-05; cls_loss: 0.0691, cls_loss_aux: 0.0874, ptc_loss: 0.1505, aur_loss: 0.0000, dcc_loss: 0.0000..., spacial_bce_loss: 0.5187...,network_sim_loss: 0.0963... 
2024-07-08 12:40:39,337 - test_du_head.py - INFO: Iter: 2000; Elasped: 0:52:10; ETA: 2:36:30; LR: 9.264e-05; cls_loss: 0.0619, cls_loss_aux: 0.0743, ptc_loss: 0.1329, aur_loss: 0.0000, dcc_loss: 0.0000..., spacial_bce_loss: 0.5138...,network_sim_loss: 0.0793... 
2024-07-08 12:40:39,337 - test_du_head.py - INFO: Validating...branch1
2024-07-08 12:43:24,228 - test_du_head.py - INFO: val cls score: 0.902599
2024-07-08 12:43:24,228 - test_du_head.py - INFO: 
+--------------+--------+---------+----------+
|    Class     |  CAM   | aux_CAM | Seg_Pred |
+==============+========+=========+==========+
| _background_ | 87.161 | 87.898  | 0.045    |
+--------------+--------+---------+----------+
| aeroplane    | 57.625 | 63.979  | 0.070    |
+--------------+--------+---------+----------+
| bicycle      | 38.088 | 39.370  | 0.027    |
+--------------+--------+---------+----------+
| bird         | 56.946 | 60.209  | 0.280    |
+--------------+--------+---------+----------+
| boat         | 47.356 | 49.257  | 0.276    |
+--------------+--------+---------+----------+
| bottle       | 58.698 | 49.320  | 0.083    |
+--------------+--------+---------+----------+
| bus          | 84.261 | 73.697  | 0.031    |
+--------------+--------+---------+----------+
| car          | 77.848 | 72.433  | 0.124    |
+--------------+--------+---------+----------+
| cat          | 86.012 | 81.975  | 0.971    |
+--------------+--------+---------+----------+
| chair        | 38.769 | 40.538  | 0        |
+--------------+--------+---------+----------+
| cow          | 82.437 | 77.729  | 0.017    |
+--------------+--------+---------+----------+
| diningtable  | 54.315 | 52.437  | 0.972    |
+--------------+--------+---------+----------+
| dog          | 81.039 | 84.227  | 1.241    |
+--------------+--------+---------+----------+
| horse        | 78.977 | 78.126  | 0.006    |
+--------------+--------+---------+----------+
| motorbike    | 69.902 | 73.282  | 0.116    |
+--------------+--------+---------+----------+
| person       | 76.006 | 75.852  | 0.124    |
+--------------+--------+---------+----------+
| pottedplant  | 50.291 | 52.007  | 0.293    |
+--------------+--------+---------+----------+
| sheep        | 81.796 | 80.197  | 0.194    |
+--------------+--------+---------+----------+
| sofa         | 61.961 | 68.454  | 0.000    |
+--------------+--------+---------+----------+
| train        | 62.536 | 54.521  | 0.534    |
+--------------+--------+---------+----------+
| tvmonitor    | 36.575 | 49.873  | 0        |
+--------------+--------+---------+----------+
| mIoU         | 65.171 | 65.018  | 0.257    |
+--------------+--------+---------+----------+
2024-07-08 12:43:24,228 - test_du_head.py - INFO: Validating...branch2
2024-07-08 12:46:10,290 - test_du_head.py - INFO: val cls score: 0.904647
2024-07-08 12:46:10,290 - test_du_head.py - INFO: 
+--------------+--------+---------+----------+
|    Class     |  CAM   | aux_CAM | Seg_Pred |
+==============+========+=========+==========+
| _background_ | 88.287 | 86.164  | 0.514    |
+--------------+--------+---------+----------+
| aeroplane    | 59.735 | 66.391  | 0.855    |
+--------------+--------+---------+----------+
| bicycle      | 38.311 | 42.082  | 0.004    |
+--------------+--------+---------+----------+
| bird         | 65.833 | 39.280  | 0.178    |
+--------------+--------+---------+----------+
| boat         | 42.029 | 34.051  | 0.182    |
+--------------+--------+---------+----------+
| bottle       | 60.581 | 59.301  | 0.090    |
+--------------+--------+---------+----------+
| bus          | 82.523 | 78.224  | 1.919    |
+--------------+--------+---------+----------+
| car          | 77.150 | 72.405  | 0        |
+--------------+--------+---------+----------+
| cat          | 78.968 | 66.857  | 3.293    |
+--------------+--------+---------+----------+
| chair        | 47.202 | 36.811  | 0.760    |
+--------------+--------+---------+----------+
| cow          | 83.594 | 76.147  | 0        |
+--------------+--------+---------+----------+
| diningtable  | 56.927 | 54.847  | 0.127    |
+--------------+--------+---------+----------+
| dog          | 81.337 | 63.186  | 0.012    |
+--------------+--------+---------+----------+
| horse        | 79.814 | 73.564  | 0.012    |
+--------------+--------+---------+----------+
| motorbike    | 67.322 | 71.397  | 0.170    |
+--------------+--------+---------+----------+
| person       | 77.571 | 75.432  | 0.046    |
+--------------+--------+---------+----------+
| pottedplant  | 50.003 | 54.326  | 0.169    |
+--------------+--------+---------+----------+
| sheep        | 83.021 | 80.105  | 0.170    |
+--------------+--------+---------+----------+
| sofa         | 62.386 | 68.765  | 0.150    |
+--------------+--------+---------+----------+
| train        | 60.504 | 57.515  | 0.481    |
+--------------+--------+---------+----------+
| tvmonitor    | 48.073 | 61.218  | 0.022    |
+--------------+--------+---------+----------+
| mIoU         | 66.246 | 62.765  | 0.436    |
+--------------+--------+---------+----------+
2024-07-08 12:51:22,273 - test_du_head.py - INFO: Iter: 2200; Elasped: 1:02:53; ETA: 2:45:47; LR: 8.986e-05; cls_loss: 0.0725, cls_loss_aux: 0.0880, ptc_loss: 0.1509, aur_loss: 0.0000, dcc_loss: 0.0000..., spacial_bce_loss: 0.4825...,network_sim_loss: 0.0779... 
2024-07-08 12:56:33,802 - test_du_head.py - INFO: Iter: 2400; Elasped: 1:08:04; ETA: 2:38:49; LR: 8.706e-05; cls_loss: 0.0742, cls_loss_aux: 0.0899, ptc_loss: 0.1327, aur_loss: 0.0000, dcc_loss: 0.0000..., spacial_bce_loss: 0.4807...,network_sim_loss: 0.0722... 
2024-07-08 13:01:45,369 - test_du_head.py - INFO: Iter: 2600; Elasped: 1:13:16; ETA: 2:32:10; LR: 8.426e-05; cls_loss: 0.0639, cls_loss_aux: 0.0806, ptc_loss: 0.1313, aur_loss: 0.0000, dcc_loss: 0.0000..., spacial_bce_loss: 0.4663...,network_sim_loss: 0.0652... 
2024-07-08 13:06:58,387 - test_du_head.py - INFO: Iter: 2800; Elasped: 1:18:29; ETA: 2:25:45; LR: 8.145e-05; cls_loss: 0.0590, cls_loss_aux: 0.0676, ptc_loss: 0.1268, aur_loss: 0.0000, dcc_loss: 0.0000..., spacial_bce_loss: 0.4884...,network_sim_loss: 0.0519... 
2024-07-08 13:12:10,453 - test_du_head.py - INFO: Iter: 3000; Elasped: 1:23:41; ETA: 2:19:28; LR: 7.862e-05; cls_loss: 0.0563, cls_loss_aux: 0.0662, ptc_loss: 0.1144, aur_loss: 0.0000, dcc_loss: 0.0000..., spacial_bce_loss: 0.4793...,network_sim_loss: 0.0438... 
2024-07-08 13:17:24,402 - test_du_head.py - INFO: Iter: 3200; Elasped: 1:28:55; ETA: 2:13:22; LR: 7.579e-05; cls_loss: 0.0603, cls_loss_aux: 0.0689, ptc_loss: 0.1002, aur_loss: 0.0000, dcc_loss: 0.0000..., spacial_bce_loss: 0.4479...,network_sim_loss: 0.0412... 
2024-07-08 13:22:39,386 - test_du_head.py - INFO: Iter: 3400; Elasped: 1:34:10; ETA: 2:07:24; LR: 7.294e-05; cls_loss: 0.0625, cls_loss_aux: 0.0719, ptc_loss: 0.1068, aur_loss: 0.0000, dcc_loss: 0.0000..., spacial_bce_loss: 0.4679...,network_sim_loss: 0.0415... 
2024-07-08 13:27:52,806 - test_du_head.py - INFO: Iter: 3600; Elasped: 1:39:23; ETA: 2:01:28; LR: 7.008e-05; cls_loss: 0.0724, cls_loss_aux: 0.0833, ptc_loss: 0.1348, aur_loss: 0.0000, dcc_loss: 0.0000..., spacial_bce_loss: 0.2804...,network_sim_loss: 0.0657... 
2024-07-08 13:33:04,915 - test_du_head.py - INFO: Iter: 3800; Elasped: 1:44:35; ETA: 1:55:35; LR: 6.721e-05; cls_loss: 0.0529, cls_loss_aux: 0.0546, ptc_loss: 0.0943, aur_loss: 0.0000, dcc_loss: 0.0000..., spacial_bce_loss: 0.0307...,network_sim_loss: 0.0362... 
2024-07-08 13:38:16,957 - test_du_head.py - INFO: Iter: 4000; Elasped: 1:49:47; ETA: 1:49:47; LR: 6.432e-05; cls_loss: 0.0459, cls_loss_aux: 0.0510, ptc_loss: 0.0885, aur_loss: 0.0000, dcc_loss: 0.0000..., spacial_bce_loss: 0.0239...,network_sim_loss: 0.0244... 
2024-07-08 13:38:16,958 - test_du_head.py - INFO: Validating...branch1
2024-07-08 13:41:03,201 - test_du_head.py - INFO: val cls score: 0.917056
2024-07-08 13:41:03,201 - test_du_head.py - INFO: 
+--------------+--------+---------+----------+
|    Class     |  CAM   | aux_CAM | Seg_Pred |
+==============+========+=========+==========+
| _background_ | 90.252 | 89.422  | 90.095   |
+--------------+--------+---------+----------+
| aeroplane    | 78.735 | 81.963  | 78.761   |
+--------------+--------+---------+----------+
| bicycle      | 44.030 | 44.835  | 43.101   |
+--------------+--------+---------+----------+
| bird         | 74.137 | 78.860  | 76.769   |
+--------------+--------+---------+----------+
| boat         | 45.188 | 52.870  | 39.841   |
+--------------+--------+---------+----------+
| bottle       | 70.113 | 55.935  | 66.441   |
+--------------+--------+---------+----------+
| bus          | 88.019 | 77.468  | 86.545   |
+--------------+--------+---------+----------+
| car          | 81.788 | 69.584  | 77.774   |
+--------------+--------+---------+----------+
| cat          | 84.800 | 77.784  | 81.587   |
+--------------+--------+---------+----------+
| chair        | 46.921 | 45.763  | 32.545   |
+--------------+--------+---------+----------+
| cow          | 83.468 | 74.142  | 78.251   |
+--------------+--------+---------+----------+
| diningtable  | 53.506 | 55.396  | 47.597   |
+--------------+--------+---------+----------+
| dog          | 84.835 | 79.421  | 81.571   |
+--------------+--------+---------+----------+
| horse        | 84.525 | 76.767  | 80.045   |
+--------------+--------+---------+----------+
| motorbike    | 78.356 | 75.514  | 72.691   |
+--------------+--------+---------+----------+
| person       | 80.526 | 75.736  | 79.466   |
+--------------+--------+---------+----------+
| pottedplant  | 60.053 | 59.733  | 51.753   |
+--------------+--------+---------+----------+
| sheep        | 86.284 | 76.642  | 81.798   |
+--------------+--------+---------+----------+
| sofa         | 64.983 | 67.043  | 48.056   |
+--------------+--------+---------+----------+
| train        | 62.549 | 59.632  | 62.519   |
+--------------+--------+---------+----------+
| tvmonitor    | 50.327 | 59.962  | 51.234   |
+--------------+--------+---------+----------+
| mIoU         | 71.114 | 68.308  | 67.068   |
+--------------+--------+---------+----------+
2024-07-08 13:41:03,201 - test_du_head.py - INFO: Validating...branch2
2024-07-08 13:43:48,910 - test_du_head.py - INFO: val cls score: 0.919616
2024-07-08 13:43:48,911 - test_du_head.py - INFO: 
+--------------+--------+---------+----------+
|    Class     |  CAM   | aux_CAM | Seg_Pred |
+==============+========+=========+==========+
| _background_ | 89.107 | 88.608  | 90.009   |
+--------------+--------+---------+----------+
| aeroplane    | 79.735 | 79.016  | 78.167   |
+--------------+--------+---------+----------+
| bicycle      | 46.774 | 42.568  | 43.145   |
+--------------+--------+---------+----------+
| bird         | 48.349 | 62.052  | 63.897   |
+--------------+--------+---------+----------+
| boat         | 29.966 | 44.975  | 42.282   |
+--------------+--------+---------+----------+
| bottle       | 73.886 | 64.133  | 70.966   |
+--------------+--------+---------+----------+
| bus          | 85.466 | 80.656  | 86.837   |
+--------------+--------+---------+----------+
| car          | 80.211 | 67.313  | 78.771   |
+--------------+--------+---------+----------+
| cat          | 79.910 | 71.266  | 81.569   |
+--------------+--------+---------+----------+
| chair        | 42.185 | 44.715  | 34.293   |
+--------------+--------+---------+----------+
| cow          | 81.182 | 79.717  | 83.167   |
+--------------+--------+---------+----------+
| diningtable  | 55.664 | 56.482  | 52.196   |
+--------------+--------+---------+----------+
| dog          | 79.343 | 66.662  | 80.783   |
+--------------+--------+---------+----------+
| horse        | 73.209 | 74.365  | 79.925   |
+--------------+--------+---------+----------+
| motorbike    | 73.801 | 76.612  | 71.723   |
+--------------+--------+---------+----------+
| person       | 77.141 | 76.387  | 79.428   |
+--------------+--------+---------+----------+
| pottedplant  | 57.450 | 57.077  | 55.560   |
+--------------+--------+---------+----------+
| sheep        | 85.494 | 83.595  | 84.247   |
+--------------+--------+---------+----------+
| sofa         | 58.246 | 69.470  | 50.781   |
+--------------+--------+---------+----------+
| train        | 64.410 | 62.011  | 63.213   |
+--------------+--------+---------+----------+
| tvmonitor    | 54.432 | 66.161  | 53.180   |
+--------------+--------+---------+----------+
| mIoU         | 67.427 | 67.326  | 67.816   |
+--------------+--------+---------+----------+
2024-07-08 13:49:01,529 - test_du_head.py - INFO: Iter: 4200; Elasped: 2:00:32; ETA: 1:49:03; LR: 6.142e-05; cls_loss: 0.0509, cls_loss_aux: 0.0559, ptc_loss: 0.0889, aur_loss: 0.0000, dcc_loss: 0.0000..., spacial_bce_loss: 0.0256...,network_sim_loss: 0.0240... 
2024-07-08 13:54:13,607 - test_du_head.py - INFO: Iter: 4400; Elasped: 2:05:44; ETA: 1:42:52; LR: 5.850e-05; cls_loss: 0.0540, cls_loss_aux: 0.0562, ptc_loss: 0.0851, aur_loss: 0.0000, dcc_loss: 0.0000..., spacial_bce_loss: 0.0236...,network_sim_loss: 0.0213... 
2024-07-08 13:59:26,919 - test_du_head.py - INFO: Iter: 4600; Elasped: 2:10:57; ETA: 1:36:47; LR: 5.557e-05; cls_loss: 0.0492, cls_loss_aux: 0.0504, ptc_loss: 0.0859, aur_loss: 0.0000, dcc_loss: 0.0000..., spacial_bce_loss: 0.0215...,network_sim_loss: 0.0203... 
2024-07-08 14:04:44,284 - test_du_head.py - INFO: Iter: 4800; Elasped: 2:16:15; ETA: 1:30:50; LR: 5.262e-05; cls_loss: 0.0471, cls_loss_aux: 0.0478, ptc_loss: 0.0804, aur_loss: 0.0000, dcc_loss: 0.0000..., spacial_bce_loss: 0.0221...,network_sim_loss: 0.0199... 
2024-07-08 14:09:56,356 - test_du_head.py - INFO: Iter: 5000; Elasped: 2:21:27; ETA: 1:24:52; LR: 4.965e-05; cls_loss: 0.0446, cls_loss_aux: 0.0448, ptc_loss: 0.0799, aur_loss: 0.0000, dcc_loss: 0.0000..., spacial_bce_loss: 0.0191...,network_sim_loss: 0.0184... 
2024-07-08 14:15:08,124 - test_du_head.py - INFO: Iter: 5200; Elasped: 2:26:39; ETA: 1:18:57; LR: 4.666e-05; cls_loss: 0.0521, cls_loss_aux: 0.0525, ptc_loss: 0.0817, aur_loss: 0.0000, dcc_loss: 0.0000..., spacial_bce_loss: 0.0229...,network_sim_loss: 0.0188... 
2024-07-08 14:20:21,473 - test_du_head.py - INFO: Iter: 5400; Elasped: 2:31:52; ETA: 1:13:07; LR: 4.365e-05; cls_loss: 0.0431, cls_loss_aux: 0.0402, ptc_loss: 0.0802, aur_loss: 0.0000, dcc_loss: 0.0000..., spacial_bce_loss: 0.0193...,network_sim_loss: 0.0172... 
2024-07-08 14:25:33,778 - test_du_head.py - INFO: Iter: 5600; Elasped: 2:37:04; ETA: 1:07:18; LR: 4.062e-05; cls_loss: 0.0397, cls_loss_aux: 0.0374, ptc_loss: 0.0740, aur_loss: 0.0000, dcc_loss: 0.0000..., spacial_bce_loss: 0.0176...,network_sim_loss: 0.0158... 
2024-07-08 14:30:45,945 - test_du_head.py - INFO: Iter: 5800; Elasped: 2:42:16; ETA: 1:01:32; LR: 3.756e-05; cls_loss: 0.0411, cls_loss_aux: 0.0404, ptc_loss: 0.0679, aur_loss: 0.0000, dcc_loss: 0.0000..., spacial_bce_loss: 0.0170...,network_sim_loss: 0.0160... 
2024-07-08 14:35:57,774 - test_du_head.py - INFO: Iter: 6000; Elasped: 2:47:28; ETA: 0:55:49; LR: 3.448e-05; cls_loss: 0.0432, cls_loss_aux: 0.0425, ptc_loss: 0.0758, aur_loss: 0.0000, dcc_loss: 0.0000..., spacial_bce_loss: 0.0181...,network_sim_loss: 0.0149... 
2024-07-08 14:35:57,774 - test_du_head.py - INFO: Validating...branch1
2024-07-08 14:38:43,949 - test_du_head.py - INFO: val cls score: 0.909567
2024-07-08 14:38:43,949 - test_du_head.py - INFO: 
+--------------+--------+---------+----------+
|    Class     |  CAM   | aux_CAM | Seg_Pred |
+==============+========+=========+==========+
| _background_ | 91.110 | 89.601  | 90.899   |
+--------------+--------+---------+----------+
| aeroplane    | 78.485 | 83.336  | 79.735   |
+--------------+--------+---------+----------+
| bicycle      | 44.369 | 42.140  | 42.618   |
+--------------+--------+---------+----------+
| bird         | 75.946 | 78.765  | 76.701   |
+--------------+--------+---------+----------+
| boat         | 52.384 | 53.997  | 47.728   |
+--------------+--------+---------+----------+
| bottle       | 74.525 | 65.341  | 73.297   |
+--------------+--------+---------+----------+
| bus          | 88.538 | 77.570  | 85.743   |
+--------------+--------+---------+----------+
| car          | 80.935 | 65.614  | 76.898   |
+--------------+--------+---------+----------+
| cat          | 84.349 | 76.224  | 79.143   |
+--------------+--------+---------+----------+
| chair        | 51.736 | 47.386  | 37.494   |
+--------------+--------+---------+----------+
| cow          | 82.732 | 72.460  | 76.473   |
+--------------+--------+---------+----------+
| diningtable  | 57.422 | 53.844  | 55.344   |
+--------------+--------+---------+----------+
| dog          | 86.800 | 81.177  | 79.990   |
+--------------+--------+---------+----------+
| horse        | 82.433 | 73.229  | 77.801   |
+--------------+--------+---------+----------+
| motorbike    | 78.684 | 76.672  | 72.073   |
+--------------+--------+---------+----------+
| person       | 81.017 | 78.699  | 81.972   |
+--------------+--------+---------+----------+
| pottedplant  | 63.464 | 60.935  | 57.893   |
+--------------+--------+---------+----------+
| sheep        | 85.489 | 81.288  | 81.513   |
+--------------+--------+---------+----------+
| sofa         | 68.012 | 68.580  | 52.803   |
+--------------+--------+---------+----------+
| train        | 64.980 | 59.955  | 64.202   |
+--------------+--------+---------+----------+
| tvmonitor    | 54.350 | 60.037  | 58.788   |
+--------------+--------+---------+----------+
| mIoU         | 72.750 | 68.898  | 69.005   |
+--------------+--------+---------+----------+
2024-07-08 14:38:43,949 - test_du_head.py - INFO: Validating...branch2
2024-07-08 14:41:29,763 - test_du_head.py - INFO: val cls score: 0.912330
2024-07-08 14:41:29,764 - test_du_head.py - INFO: 
+--------------+--------+---------+----------+
|    Class     |  CAM   | aux_CAM | Seg_Pred |
+==============+========+=========+==========+
| _background_ | 89.253 | 89.033  | 91.012   |
+--------------+--------+---------+----------+
| aeroplane    | 82.784 | 81.642  | 81.793   |
+--------------+--------+---------+----------+
| bicycle      | 44.832 | 42.424  | 42.280   |
+--------------+--------+---------+----------+
| bird         | 60.866 | 66.194  | 72.377   |
+--------------+--------+---------+----------+
| boat         | 54.269 | 59.015  | 57.198   |
+--------------+--------+---------+----------+
| bottle       | 75.616 | 66.478  | 74.146   |
+--------------+--------+---------+----------+
| bus          | 76.503 | 78.759  | 87.432   |
+--------------+--------+---------+----------+
| car          | 67.187 | 60.656  | 78.695   |
+--------------+--------+---------+----------+
| cat          | 69.508 | 66.342  | 79.489   |
+--------------+--------+---------+----------+
| chair        | 39.465 | 45.587  | 36.487   |
+--------------+--------+---------+----------+
| cow          | 73.151 | 72.847  | 81.139   |
+--------------+--------+---------+----------+
| diningtable  | 50.427 | 56.832  | 48.102   |
+--------------+--------+---------+----------+
| dog          | 79.314 | 72.558  | 81.740   |
+--------------+--------+---------+----------+
| horse        | 74.421 | 73.081  | 79.127   |
+--------------+--------+---------+----------+
| motorbike    | 70.670 | 74.957  | 74.476   |
+--------------+--------+---------+----------+
| person       | 76.337 | 76.625  | 81.528   |
+--------------+--------+---------+----------+
| pottedplant  | 62.835 | 65.099  | 59.315   |
+--------------+--------+---------+----------+
| sheep        | 81.400 | 79.240  | 83.749   |
+--------------+--------+---------+----------+
| sofa         | 58.782 | 70.041  | 52.780   |
+--------------+--------+---------+----------+
| train        | 63.754 | 62.600  | 64.775   |
+--------------+--------+---------+----------+
| tvmonitor    | 63.646 | 66.363  | 57.626   |
+--------------+--------+---------+----------+
| mIoU         | 67.382 | 67.923  | 69.775   |
+--------------+--------+---------+----------+
2024-07-08 14:46:48,400 - test_du_head.py - INFO: Iter: 6200; Elasped: 2:58:19; ETA: 0:51:46; LR: 3.136e-05; cls_loss: 0.0390, cls_loss_aux: 0.0365, ptc_loss: 0.0701, aur_loss: 0.0000, dcc_loss: 0.0000..., spacial_bce_loss: 0.0163...,network_sim_loss: 0.0143... 
2024-07-08 14:52:00,465 - test_du_head.py - INFO: Iter: 6400; Elasped: 3:03:31; ETA: 0:45:52; LR: 2.821e-05; cls_loss: 0.0382, cls_loss_aux: 0.0332, ptc_loss: 0.0758, aur_loss: 0.0000, dcc_loss: 0.0000..., spacial_bce_loss: 0.0169...,network_sim_loss: 0.0139... 
2024-07-08 14:57:12,412 - test_du_head.py - INFO: Iter: 6600; Elasped: 3:08:43; ETA: 0:40:01; LR: 2.501e-05; cls_loss: 0.0310, cls_loss_aux: 0.0265, ptc_loss: 0.0655, aur_loss: 0.0000, dcc_loss: 0.0000..., spacial_bce_loss: 0.0141...,network_sim_loss: 0.0138... 
2024-07-08 15:02:24,462 - test_du_head.py - INFO: Iter: 6800; Elasped: 3:13:55; ETA: 0:34:13; LR: 2.178e-05; cls_loss: 0.0344, cls_loss_aux: 0.0311, ptc_loss: 0.0682, aur_loss: 0.0000, dcc_loss: 0.0000..., spacial_bce_loss: 0.0158...,network_sim_loss: 0.0135... 
2024-07-08 15:07:36,329 - test_du_head.py - INFO: Iter: 7000; Elasped: 3:19:07; ETA: 0:28:26; LR: 1.848e-05; cls_loss: 0.0351, cls_loss_aux: 0.0320, ptc_loss: 0.0694, aur_loss: 0.0000, dcc_loss: 0.0000..., spacial_bce_loss: 0.0169...,network_sim_loss: 0.0138... 
2024-07-08 15:12:49,545 - test_du_head.py - INFO: Iter: 7200; Elasped: 3:24:20; ETA: 0:22:42; LR: 1.512e-05; cls_loss: 0.0322, cls_loss_aux: 0.0281, ptc_loss: 0.0665, aur_loss: 0.0000, dcc_loss: 0.0000..., spacial_bce_loss: 0.0134...,network_sim_loss: 0.0124... 
2024-07-08 15:18:01,811 - test_du_head.py - INFO: Iter: 7400; Elasped: 3:29:32; ETA: 0:16:59; LR: 1.168e-05; cls_loss: 0.0292, cls_loss_aux: 0.0241, ptc_loss: 0.0676, aur_loss: 0.0000, dcc_loss: 0.0000..., spacial_bce_loss: 0.0141...,network_sim_loss: 0.0121... 
2024-07-08 15:23:14,117 - test_du_head.py - INFO: Iter: 7600; Elasped: 3:34:45; ETA: 0:11:18; LR: 8.114e-06; cls_loss: 0.0307, cls_loss_aux: 0.0255, ptc_loss: 0.0703, aur_loss: 0.0000, dcc_loss: 0.0000..., spacial_bce_loss: 0.0135...,network_sim_loss: 0.0123... 
2024-07-08 15:28:31,446 - test_du_head.py - INFO: Iter: 7800; Elasped: 3:40:02; ETA: 0:05:38; LR: 4.358e-06; cls_loss: 0.0315, cls_loss_aux: 0.0245, ptc_loss: 0.0653, aur_loss: 0.0000, dcc_loss: 0.0000..., spacial_bce_loss: 0.0145...,network_sim_loss: 0.0119... 
2024-07-08 15:33:44,189 - test_du_head.py - INFO: Iter: 8000; Elasped: 3:45:15; ETA: 0:00:00; LR: 3.685e-08; cls_loss: 0.0322, cls_loss_aux: 0.0255, ptc_loss: 0.0712, aur_loss: 0.0000, dcc_loss: 0.0000..., spacial_bce_loss: 0.0150...,network_sim_loss: 0.0120... 
2024-07-08 15:33:44,189 - test_du_head.py - INFO: Validating...branch1
2024-07-08 15:36:30,174 - test_du_head.py - INFO: val cls score: 0.925498
2024-07-08 15:36:30,175 - test_du_head.py - INFO: 
+--------------+--------+---------+----------+
|    Class     |  CAM   | aux_CAM | Seg_Pred |
+==============+========+=========+==========+
| _background_ | 91.321 | 89.934  | 91.083   |
+--------------+--------+---------+----------+
| aeroplane    | 79.130 | 84.665  | 82.040   |
+--------------+--------+---------+----------+
| bicycle      | 43.569 | 41.758  | 42.432   |
+--------------+--------+---------+----------+
| bird         | 77.778 | 80.319  | 78.154   |
+--------------+--------+---------+----------+
| boat         | 58.868 | 62.276  | 57.581   |
+--------------+--------+---------+----------+
| bottle       | 76.598 | 69.071  | 75.015   |
+--------------+--------+---------+----------+
| bus          | 86.241 | 75.504  | 84.709   |
+--------------+--------+---------+----------+
| car          | 78.262 | 62.824  | 74.613   |
+--------------+--------+---------+----------+
| cat          | 83.529 | 76.781  | 78.145   |
+--------------+--------+---------+----------+
| chair        | 54.693 | 49.719  | 40.565   |
+--------------+--------+---------+----------+
| cow          | 83.066 | 75.689  | 80.700   |
+--------------+--------+---------+----------+
| diningtable  | 57.652 | 54.154  | 55.507   |
+--------------+--------+---------+----------+
| dog          | 84.090 | 78.317  | 80.172   |
+--------------+--------+---------+----------+
| horse        | 82.915 | 75.794  | 79.524   |
+--------------+--------+---------+----------+
| motorbike    | 78.694 | 74.571  | 73.085   |
+--------------+--------+---------+----------+
| person       | 81.154 | 78.990  | 80.611   |
+--------------+--------+---------+----------+
| pottedplant  | 63.923 | 56.968  | 62.764   |
+--------------+--------+---------+----------+
| sheep        | 84.996 | 83.113  | 82.957   |
+--------------+--------+---------+----------+
| sofa         | 71.256 | 71.705  | 55.547   |
+--------------+--------+---------+----------+
| train        | 65.620 | 61.530  | 65.572   |
+--------------+--------+---------+----------+
| tvmonitor    | 56.646 | 62.288  | 61.431   |
+--------------+--------+---------+----------+
| mIoU         | 73.333 | 69.808  | 70.581   |
+--------------+--------+---------+----------+
2024-07-08 15:36:30,175 - test_du_head.py - INFO: Validating...branch2
2024-07-08 15:39:15,968 - test_du_head.py - INFO: val cls score: 0.923499
2024-07-08 15:39:15,969 - test_du_head.py - INFO: 
+--------------+--------+---------+----------+
|    Class     |  CAM   | aux_CAM | Seg_Pred |
+==============+========+=========+==========+
| _background_ | 89.035 | 89.800  | 91.072   |
+--------------+--------+---------+----------+
| aeroplane    | 81.449 | 82.227  | 82.156   |
+--------------+--------+---------+----------+
| bicycle      | 44.191 | 42.641  | 42.039   |
+--------------+--------+---------+----------+
| bird         | 65.822 | 73.650  | 74.643   |
+--------------+--------+---------+----------+
| boat         | 58.614 | 60.323  | 59.460   |
+--------------+--------+---------+----------+
| bottle       | 76.549 | 67.391  | 74.656   |
+--------------+--------+---------+----------+
| bus          | 74.292 | 80.652  | 87.194   |
+--------------+--------+---------+----------+
| car          | 66.315 | 66.410  | 77.050   |
+--------------+--------+---------+----------+
| cat          | 68.280 | 70.023  | 81.018   |
+--------------+--------+---------+----------+
| chair        | 40.130 | 46.113  | 38.958   |
+--------------+--------+---------+----------+
| cow          | 72.598 | 75.053  | 81.816   |
+--------------+--------+---------+----------+
| diningtable  | 47.515 | 57.280  | 55.918   |
+--------------+--------+---------+----------+
| dog          | 74.551 | 70.543  | 81.629   |
+--------------+--------+---------+----------+
| horse        | 67.569 | 71.917  | 80.039   |
+--------------+--------+---------+----------+
| motorbike    | 65.970 | 73.637  | 74.253   |
+--------------+--------+---------+----------+
| person       | 75.034 | 78.809  | 81.680   |
+--------------+--------+---------+----------+
| pottedplant  | 64.027 | 65.863  | 58.676   |
+--------------+--------+---------+----------+
| sheep        | 79.898 | 81.956  | 84.575   |
+--------------+--------+---------+----------+
| sofa         | 62.659 | 73.842  | 54.483   |
+--------------+--------+---------+----------+
| train        | 64.303 | 62.975  | 65.505   |
+--------------+--------+---------+----------+
| tvmonitor    | 65.771 | 69.583  | 60.438   |
+--------------+--------+---------+----------+
| mIoU         | 66.884 | 69.557  | 70.822   |
+--------------+--------+---------+----------+
