2024-06-27 02:42:17,048 - test.py - INFO: Pytorch version: 2.3.1+cu118
2024-06-27 02:42:17,282 - test.py - INFO: GPU type: NVIDIA GeForce RTX 2080 Ti
2024-06-27 02:42:17,283 - test.py - INFO: 
args: Namespace(backbone='vit_base_patch16_224', pooling='gmp', pretrained=True, data_folder='../VOC2012', list_folder='../datasets/voc', num_classes=21, crop_size=448, local_crop_size=96, ignore_index=255, work_dir='work_dir_voc_wseg/2024-06-27-02-42-17-048227', train_set='train_aug', val_set='val', spg=2, scales=(0.5, 2), optimizer='PolyWarmupAdamW', lr=6e-05, warmup_lr=6e-06, wt_decay=0.01, betas=(0.9, 0.999), power=0.9, max_iters=20000, log_iters=200, eval_iters=2000, warmup_iters=1500, high_thre=0.7, low_thre=0.25, bkg_thre=0.5, cam_scales=(1.0, 0.5, 1.5), w_ptc=0.2, w_ctc=0.45, w_seg=0.1, w_reg=0.05, temp=0.5, momentum=0.9, aux_layer=-3, seed=0, save_ckpt=True, local_rank=8, num_workers=10, backend='nccl', ckpt_dir='work_dir_voc_wseg/2024-06-27-02-42-17-048227/checkpoints', pred_dir='work_dir_voc_wseg/2024-06-27-02-42-17-048227/predictions')
2024-06-27 02:42:17,288 - test.py - INFO: Total gpus: 1, samples per gpu: 2...
2024-06-27 02:42:20,553 - test.py - INFO: 
Optimizer: 
PolyWarmupAdamW (
Parameter Group 0
    amsgrad: False
    betas: (0.9, 0.999)
    capturable: False
    differentiable: False
    eps: 1e-08
    foreach: None
    fused: None
    lr: 6e-05
    maximize: False
    weight_decay: 0.01

Parameter Group 1
    amsgrad: False
    betas: (0.9, 0.999)
    capturable: False
    differentiable: False
    eps: 1e-08
    foreach: None
    fused: None
    lr: 6e-05
    maximize: False
    weight_decay: 0.01

Parameter Group 2
    amsgrad: False
    betas: (0.9, 0.999)
    capturable: False
    differentiable: False
    eps: 1e-08
    foreach: None
    fused: None
    lr: 0.0006000000000000001
    maximize: False
    weight_decay: 0.01

Parameter Group 3
    amsgrad: False
    betas: (0.9, 0.999)
    capturable: False
    differentiable: False
    eps: 1e-08
    foreach: None
    fused: None
    lr: 0.0006000000000000001
    maximize: False
    weight_decay: 0.01
)
2024-06-27 02:45:42,554 - test.py - INFO: Iter: 200; Elasped: 0:03:25; ETA: 5:38:15; LR: 7.960e-06; cls_loss: 0.4305, cls_loss_aux: 9.5115, ptc_loss: 0.4090, aur_loss: 0.7612, dcc_loss: 0.0000...
2024-06-27 02:49:03,409 - test.py - INFO: Iter: 400; Elasped: 0:06:46; ETA: 5:31:34; LR: 1.596e-05; cls_loss: 0.2475, cls_loss_aux: 0.8642, ptc_loss: 0.4123, aur_loss: 0.7548, dcc_loss: 0.0000...
2024-06-27 02:52:47,074 - test.py - INFO: Iter: 600; Elasped: 0:10:30; ETA: 5:39:30; LR: 2.396e-05; cls_loss: 0.2196, cls_loss_aux: 0.5050, ptc_loss: 0.3799, aur_loss: 0.7605, dcc_loss: 0.0000...
2024-06-27 02:56:27,576 - test.py - INFO: Iter: 800; Elasped: 0:14:10; ETA: 5:40:00; LR: 3.196e-05; cls_loss: 0.1829, cls_loss_aux: 0.3287, ptc_loss: 0.3652, aur_loss: 0.7530, dcc_loss: 0.0000...
2024-06-27 02:59:56,616 - test.py - INFO: Iter: 1000; Elasped: 0:17:39; ETA: 5:35:21; LR: 3.996e-05; cls_loss: 0.1412, cls_loss_aux: 0.2387, ptc_loss: 0.3619, aur_loss: 0.7449, dcc_loss: 0.0000...
2024-06-27 03:03:30,621 - test.py - INFO: Iter: 1200; Elasped: 0:21:13; ETA: 5:32:23; LR: 4.796e-05; cls_loss: 0.1288, cls_loss_aux: 0.2592, ptc_loss: 0.3862, aur_loss: 0.7391, dcc_loss: 0.0000...
2024-06-27 03:07:08,948 - test.py - INFO: Iter: 1400; Elasped: 0:24:51; ETA: 5:30:09; LR: 5.596e-05; cls_loss: 0.1087, cls_loss_aux: 0.2437, ptc_loss: 0.3661, aur_loss: 0.7444, dcc_loss: 0.0000...
2024-06-27 03:10:35,457 - test.py - INFO: Iter: 1600; Elasped: 0:28:18; ETA: 5:25:27; LR: 5.566e-05; cls_loss: 0.1037, cls_loss_aux: 0.2081, ptc_loss: 0.3302, aur_loss: 0.7334, dcc_loss: 0.0000...
2024-06-27 03:14:07,662 - test.py - INFO: Iter: 1800; Elasped: 0:31:50; ETA: 5:21:52; LR: 5.512e-05; cls_loss: 0.0921, cls_loss_aux: 0.1925, ptc_loss: 0.3121, aur_loss: 0.7278, dcc_loss: 0.0000...
2024-06-27 03:17:39,491 - test.py - INFO: Iter: 2000; Elasped: 0:35:22; ETA: 5:18:18; LR: 5.457e-05; cls_loss: 0.1006, cls_loss_aux: 0.1895, ptc_loss: 0.2807, aur_loss: 0.7371, dcc_loss: 0.0000...
2024-06-27 03:17:39,492 - test.py - INFO: Validating...
2024-06-27 03:25:42,992 - test.py - INFO: val cls score: 0.841344
2024-06-27 03:25:42,993 - test.py - INFO: 
+--------------+--------+---------+----------+
|    Class     |  CAM   | aux_CAM | Seg_Pred |
+==============+========+=========+==========+
| _background_ | 21.144 | 79.329  | 0.225    |
+--------------+--------+---------+----------+
| aeroplane    | 16.592 | 58.887  | 0.312    |
+--------------+--------+---------+----------+
| bicycle      | 7.660  | 0.283   | 0.102    |
+--------------+--------+---------+----------+
| bird         | 11.468 | 29.454  | 0.124    |
+--------------+--------+---------+----------+
| boat         | 11.560 | 16.721  | 0.163    |
+--------------+--------+---------+----------+
| bottle       | 23.296 | 21.496  | 0.001    |
+--------------+--------+---------+----------+
| bus          | 41.542 | 74.114  | 0        |
+--------------+--------+---------+----------+
| car          | 23.176 | 46.622  | 0        |
+--------------+--------+---------+----------+
| cat          | 71.997 | 75.928  | 2.471    |
+--------------+--------+---------+----------+
| chair        | 18.136 | 26.858  | 0.161    |
+--------------+--------+---------+----------+
| cow          | 27.277 | 41.061  | 0        |
+--------------+--------+---------+----------+
| diningtable  | 29.409 | 31.839  | 2.196    |
+--------------+--------+---------+----------+
| dog          | 39.309 | 75.062  | 0.568    |
+--------------+--------+---------+----------+
| horse        | 25.898 | 74.437  | 0.114    |
+--------------+--------+---------+----------+
| motorbike    | 27.380 | 59.243  | 0.039    |
+--------------+--------+---------+----------+
| person       | 60.700 | 66.374  | 0.039    |
+--------------+--------+---------+----------+
| pottedplant  | 16.767 | 0.724   | 0.341    |
+--------------+--------+---------+----------+
| sheep        | 23.936 | 71.429  | 0.124    |
+--------------+--------+---------+----------+
| sofa         | 27.672 | 46.164  | 0.001    |
+--------------+--------+---------+----------+
| train        | 33.877 | 52.957  | 0.300    |
+--------------+--------+---------+----------+
| tvmonitor    | 18.926 | 32.578  | 0.012    |
+--------------+--------+---------+----------+
| mIoU         | 27.511 | 46.741  | 0.347    |
+--------------+--------+---------+----------+
2024-06-27 03:29:13,301 - test.py - INFO: Iter: 2200; Elasped: 0:46:56; ETA: 6:19:44; LR: 5.403e-05; cls_loss: 0.1104, cls_loss_aux: 0.2005, ptc_loss: 0.2349, aur_loss: 0.7515, dcc_loss: 0.0000...
2024-06-27 03:32:45,373 - test.py - INFO: Iter: 2400; Elasped: 0:50:28; ETA: 6:10:05; LR: 5.348e-05; cls_loss: 0.1046, cls_loss_aux: 0.2104, ptc_loss: 0.1884, aur_loss: 0.7533, dcc_loss: 0.0000...
2024-06-27 03:36:23,770 - test.py - INFO: Iter: 2600; Elasped: 0:54:06; ETA: 6:02:03; LR: 5.293e-05; cls_loss: 0.0956, cls_loss_aux: 0.1874, ptc_loss: 0.1428, aur_loss: 0.7473, dcc_loss: 0.0000...
2024-06-27 03:39:48,650 - test.py - INFO: Iter: 2800; Elasped: 0:57:31; ETA: 5:53:19; LR: 5.239e-05; cls_loss: 0.1053, cls_loss_aux: 0.1873, ptc_loss: 0.1223, aur_loss: 0.7438, dcc_loss: 0.0000...
2024-06-27 03:43:22,804 - test.py - INFO: Iter: 3000; Elasped: 1:01:05; ETA: 5:46:08; LR: 5.184e-05; cls_loss: 0.0903, cls_loss_aux: 0.1702, ptc_loss: 0.1253, aur_loss: 0.7421, dcc_loss: 0.0000...
2024-06-27 03:46:55,783 - test.py - INFO: Iter: 3200; Elasped: 1:04:38; ETA: 5:39:19; LR: 5.129e-05; cls_loss: 0.0979, cls_loss_aux: 0.1823, ptc_loss: 0.1100, aur_loss: 0.7423, dcc_loss: 0.0000...
2024-06-27 03:50:26,282 - test.py - INFO: Iter: 3400; Elasped: 1:08:09; ETA: 5:32:43; LR: 5.074e-05; cls_loss: 0.1105, cls_loss_aux: 0.1876, ptc_loss: 0.1167, aur_loss: 0.7360, dcc_loss: 0.0000...
2024-06-27 03:53:59,426 - test.py - INFO: Iter: 3600; Elasped: 1:11:42; ETA: 5:26:38; LR: 5.019e-05; cls_loss: 0.0849, cls_loss_aux: 0.1465, ptc_loss: 0.1005, aur_loss: 0.7396, dcc_loss: 0.0000...
2024-06-27 03:57:33,473 - test.py - INFO: Iter: 3800; Elasped: 1:15:16; ETA: 5:20:52; LR: 4.964e-05; cls_loss: 0.0946, cls_loss_aux: 0.1608, ptc_loss: 0.0896, aur_loss: 0.7442, dcc_loss: 0.0000...
2024-06-27 04:01:00,682 - test.py - INFO: Iter: 4000; Elasped: 1:18:43; ETA: 5:14:52; LR: 4.909e-05; cls_loss: 0.0873, cls_loss_aux: 0.1486, ptc_loss: 0.1022, aur_loss: 0.7491, dcc_loss: 0.0000...
2024-06-27 04:01:00,682 - test.py - INFO: Validating...
2024-06-27 04:09:04,402 - test.py - INFO: val cls score: 0.864439
2024-06-27 04:09:04,402 - test.py - INFO: 
+--------------+--------+---------+----------+
|    Class     |  CAM   | aux_CAM | Seg_Pred |
+==============+========+=========+==========+
| _background_ | 86.201 | 86.445  | 84.487   |
+--------------+--------+---------+----------+
| aeroplane    | 62.478 | 72.762  | 61.451   |
+--------------+--------+---------+----------+
| bicycle      | 39.374 | 38.136  | 28.553   |
+--------------+--------+---------+----------+
| bird         | 38.632 | 47.092  | 37.047   |
+--------------+--------+---------+----------+
| boat         | 43.121 | 43.978  | 42.873   |
+--------------+--------+---------+----------+
| bottle       | 64.105 | 51.187  | 59.200   |
+--------------+--------+---------+----------+
| bus          | 86.477 | 81.232  | 77.409   |
+--------------+--------+---------+----------+
| car          | 80.527 | 76.940  | 70.103   |
+--------------+--------+---------+----------+
| cat          | 86.272 | 76.299  | 72.089   |
+--------------+--------+---------+----------+
| chair        | 39.573 | 26.592  | 20.445   |
+--------------+--------+---------+----------+
| cow          | 86.092 | 77.198  | 74.514   |
+--------------+--------+---------+----------+
| diningtable  | 48.867 | 52.729  | 43.129   |
+--------------+--------+---------+----------+
| dog          | 85.485 | 84.094  | 70.225   |
+--------------+--------+---------+----------+
| horse        | 80.937 | 84.076  | 70.115   |
+--------------+--------+---------+----------+
| motorbike    | 68.982 | 74.137  | 59.129   |
+--------------+--------+---------+----------+
| person       | 70.255 | 66.078  | 68.307   |
+--------------+--------+---------+----------+
| pottedplant  | 36.457 | 32.849  | 35.701   |
+--------------+--------+---------+----------+
| sheep        | 85.464 | 82.874  | 81.248   |
+--------------+--------+---------+----------+
| sofa         | 48.628 | 69.438  | 31.252   |
+--------------+--------+---------+----------+
| train        | 58.728 | 63.689  | 49.718   |
+--------------+--------+---------+----------+
| tvmonitor    | 37.340 | 51.119  | 36.690   |
+--------------+--------+---------+----------+
| mIoU         | 63.524 | 63.759  | 55.890   |
+--------------+--------+---------+----------+
2024-06-27 04:12:37,041 - test.py - INFO: Iter: 4200; Elasped: 1:30:20; ETA: 5:39:49; LR: 4.853e-05; cls_loss: 0.0924, cls_loss_aux: 0.1530, ptc_loss: 0.0934, aur_loss: 0.7500, dcc_loss: 0.0000...
2024-06-27 04:16:11,169 - test.py - INFO: Iter: 4400; Elasped: 1:33:54; ETA: 5:32:55; LR: 4.798e-05; cls_loss: 0.0841, cls_loss_aux: 0.1363, ptc_loss: 0.0941, aur_loss: 0.7509, dcc_loss: 0.0000...
2024-06-27 04:19:40,700 - test.py - INFO: Iter: 4600; Elasped: 1:37:23; ETA: 5:26:01; LR: 4.743e-05; cls_loss: 0.0792, cls_loss_aux: 0.1311, ptc_loss: 0.0816, aur_loss: 0.7549, dcc_loss: 0.0000...
2024-06-27 04:23:15,402 - test.py - INFO: Iter: 4800; Elasped: 1:40:58; ETA: 5:19:43; LR: 4.687e-05; cls_loss: 0.0859, cls_loss_aux: 0.1320, ptc_loss: 0.0859, aur_loss: 0.7500, dcc_loss: 0.0000...
2024-06-27 04:26:49,891 - test.py - INFO: Iter: 5000; Elasped: 1:44:32; ETA: 5:13:36; LR: 4.632e-05; cls_loss: 0.1010, cls_loss_aux: 0.1629, ptc_loss: 0.0921, aur_loss: 0.7527, dcc_loss: 0.0000...
2024-06-27 04:30:18,094 - test.py - INFO: Iter: 5200; Elasped: 1:48:01; ETA: 5:07:25; LR: 4.576e-05; cls_loss: 0.0863, cls_loss_aux: 0.1289, ptc_loss: 0.0872, aur_loss: 0.7609, dcc_loss: 0.0000...
2024-06-27 04:33:55,189 - test.py - INFO: Iter: 5400; Elasped: 1:51:38; ETA: 5:01:49; LR: 4.520e-05; cls_loss: 0.0845, cls_loss_aux: 0.1395, ptc_loss: 0.0810, aur_loss: 0.7681, dcc_loss: 0.0000...
2024-06-27 04:37:30,694 - test.py - INFO: Iter: 5600; Elasped: 1:55:13; ETA: 4:56:16; LR: 4.465e-05; cls_loss: 0.0922, cls_loss_aux: 0.1247, ptc_loss: 0.0814, aur_loss: 0.7632, dcc_loss: 0.0000...
2024-06-27 04:40:57,541 - test.py - INFO: Iter: 5800; Elasped: 1:58:40; ETA: 4:50:31; LR: 4.409e-05; cls_loss: 0.0847, cls_loss_aux: 0.1236, ptc_loss: 0.0780, aur_loss: 0.7623, dcc_loss: 0.0000...
2024-06-27 04:44:31,215 - test.py - INFO: Iter: 6000; Elasped: 2:02:14; ETA: 4:45:12; LR: 4.353e-05; cls_loss: 0.0825, cls_loss_aux: 0.1208, ptc_loss: 0.0814, aur_loss: 0.7467, dcc_loss: 0.0000...
2024-06-27 04:44:31,216 - test.py - INFO: Validating...
2024-06-27 04:52:38,507 - test.py - INFO: val cls score: 0.880158
2024-06-27 04:52:38,507 - test.py - INFO: 
+--------------+--------+---------+----------+
|    Class     |  CAM   | aux_CAM | Seg_Pred |
+==============+========+=========+==========+
| _background_ | 86.938 | 87.413  | 86.167   |
+--------------+--------+---------+----------+
| aeroplane    | 67.484 | 75.113  | 61.917   |
+--------------+--------+---------+----------+
| bicycle      | 33.346 | 35.652  | 35.645   |
+--------------+--------+---------+----------+
| bird         | 61.707 | 61.625  | 59.897   |
+--------------+--------+---------+----------+
| boat         | 43.284 | 47.425  | 41.623   |
+--------------+--------+---------+----------+
| bottle       | 65.337 | 56.173  | 62.249   |
+--------------+--------+---------+----------+
| bus          | 82.635 | 77.350  | 78.024   |
+--------------+--------+---------+----------+
| car          | 75.032 | 69.741  | 69.355   |
+--------------+--------+---------+----------+
| cat          | 87.852 | 83.442  | 81.607   |
+--------------+--------+---------+----------+
| chair        | 34.414 | 31.244  | 17.628   |
+--------------+--------+---------+----------+
| cow          | 86.653 | 77.285  | 79.037   |
+--------------+--------+---------+----------+
| diningtable  | 57.970 | 54.998  | 44.262   |
+--------------+--------+---------+----------+
| dog          | 84.534 | 81.934  | 77.359   |
+--------------+--------+---------+----------+
| horse        | 83.566 | 78.171  | 76.553   |
+--------------+--------+---------+----------+
| motorbike    | 71.867 | 74.932  | 68.572   |
+--------------+--------+---------+----------+
| person       | 75.099 | 75.601  | 71.955   |
+--------------+--------+---------+----------+
| pottedplant  | 32.080 | 37.682  | 29.378   |
+--------------+--------+---------+----------+
| sheep        | 85.821 | 81.093  | 81.171   |
+--------------+--------+---------+----------+
| sofa         | 44.626 | 61.637  | 21.776   |
+--------------+--------+---------+----------+
| train        | 62.956 | 58.724  | 58.614   |
+--------------+--------+---------+----------+
| tvmonitor    | 35.212 | 53.274  | 30.595   |
+--------------+--------+---------+----------+
| mIoU         | 64.686 | 64.786  | 58.733   |
+--------------+--------+---------+----------+
2024-06-27 04:56:10,517 - test.py - INFO: Iter: 6200; Elasped: 2:13:53; ETA: 4:57:59; LR: 4.297e-05; cls_loss: 0.0916, cls_loss_aux: 0.1321, ptc_loss: 0.0942, aur_loss: 0.7555, dcc_loss: 0.0000...
2024-06-27 04:59:38,387 - test.py - INFO: Iter: 6400; Elasped: 2:17:21; ETA: 4:51:52; LR: 4.241e-05; cls_loss: 0.0868, cls_loss_aux: 0.1270, ptc_loss: 0.0790, aur_loss: 0.7507, dcc_loss: 0.0000...
2024-06-27 05:03:11,189 - test.py - INFO: Iter: 6600; Elasped: 2:20:54; ETA: 4:46:04; LR: 4.185e-05; cls_loss: 0.0901, cls_loss_aux: 0.1252, ptc_loss: 0.0792, aur_loss: 0.7465, dcc_loss: 0.0000...
2024-06-27 05:06:47,497 - test.py - INFO: Iter: 6800; Elasped: 2:24:30; ETA: 4:40:30; LR: 4.128e-05; cls_loss: 0.0759, cls_loss_aux: 0.1064, ptc_loss: 0.0706, aur_loss: 0.7481, dcc_loss: 0.0000...
2024-06-27 05:10:14,477 - test.py - INFO: Iter: 7000; Elasped: 2:27:57; ETA: 4:34:45; LR: 4.072e-05; cls_loss: 0.0679, cls_loss_aux: 0.0939, ptc_loss: 0.0682, aur_loss: 0.7467, dcc_loss: 0.0000...
2024-06-27 05:13:49,503 - test.py - INFO: Iter: 7200; Elasped: 2:31:32; ETA: 4:29:23; LR: 4.016e-05; cls_loss: 0.0735, cls_loss_aux: 0.0978, ptc_loss: 0.0709, aur_loss: 0.7412, dcc_loss: 0.0000...
2024-06-27 05:17:25,003 - test.py - INFO: Iter: 7400; Elasped: 2:35:08; ETA: 4:24:08; LR: 3.959e-05; cls_loss: 0.0798, cls_loss_aux: 0.1090, ptc_loss: 0.0803, aur_loss: 0.7428, dcc_loss: 0.0000...
2024-06-27 05:20:54,500 - test.py - INFO: Iter: 7600; Elasped: 2:38:37; ETA: 4:18:47; LR: 3.902e-05; cls_loss: 0.0716, cls_loss_aux: 0.0967, ptc_loss: 0.0690, aur_loss: 0.7441, dcc_loss: 0.0000...
2024-06-27 05:24:25,306 - test.py - INFO: Iter: 7800; Elasped: 2:42:08; ETA: 4:13:35; LR: 3.846e-05; cls_loss: 0.0830, cls_loss_aux: 0.1103, ptc_loss: 0.0768, aur_loss: 0.7385, dcc_loss: 0.0000...
2024-06-27 05:27:59,361 - test.py - INFO: Iter: 8000; Elasped: 2:45:42; ETA: 4:08:33; LR: 3.789e-05; cls_loss: 0.0801, cls_loss_aux: 0.1047, ptc_loss: 0.0683, aur_loss: 0.7497, dcc_loss: 0.0000...
2024-06-27 05:27:59,361 - test.py - INFO: Validating...
2024-06-27 05:36:04,298 - test.py - INFO: val cls score: 0.870130
2024-06-27 05:36:04,298 - test.py - INFO: 
+--------------+--------+---------+----------+
|    Class     |  CAM   | aux_CAM | Seg_Pred |
+==============+========+=========+==========+
| _background_ | 87.794 | 86.519  | 86.932   |
+--------------+--------+---------+----------+
| aeroplane    | 73.897 | 68.017  | 64.768   |
+--------------+--------+---------+----------+
| bicycle      | 42.696 | 36.551  | 35.893   |
+--------------+--------+---------+----------+
| bird         | 71.405 | 69.728  | 71.229   |
+--------------+--------+---------+----------+
| boat         | 48.755 | 52.231  | 41.975   |
+--------------+--------+---------+----------+
| bottle       | 66.868 | 46.663  | 62.529   |
+--------------+--------+---------+----------+
| bus          | 82.882 | 80.036  | 76.309   |
+--------------+--------+---------+----------+
| car          | 78.190 | 68.389  | 71.994   |
+--------------+--------+---------+----------+
| cat          | 81.374 | 69.990  | 76.824   |
+--------------+--------+---------+----------+
| chair        | 38.092 | 30.780  | 19.595   |
+--------------+--------+---------+----------+
| cow          | 71.053 | 57.512  | 57.494   |
+--------------+--------+---------+----------+
| diningtable  | 47.149 | 52.795  | 40.425   |
+--------------+--------+---------+----------+
| dog          | 82.464 | 74.731  | 70.052   |
+--------------+--------+---------+----------+
| horse        | 81.685 | 72.705  | 75.975   |
+--------------+--------+---------+----------+
| motorbike    | 69.701 | 69.348  | 52.956   |
+--------------+--------+---------+----------+
| person       | 59.569 | 62.660  | 58.963   |
+--------------+--------+---------+----------+
| pottedplant  | 42.388 | 36.203  | 36.278   |
+--------------+--------+---------+----------+
| sheep        | 74.612 | 66.919  | 67.626   |
+--------------+--------+---------+----------+
| sofa         | 46.795 | 61.993  | 36.128   |
+--------------+--------+---------+----------+
| train        | 57.137 | 57.764  | 42.490   |
+--------------+--------+---------+----------+
| tvmonitor    | 44.885 | 57.430  | 39.966   |
+--------------+--------+---------+----------+
| mIoU         | 64.257 | 60.903  | 56.495   |
+--------------+--------+---------+----------+
2024-06-27 05:39:29,481 - test.py - INFO: Iter: 8200; Elasped: 2:57:12; ETA: 4:14:59; LR: 3.732e-05; cls_loss: 0.0729, cls_loss_aux: 0.0966, ptc_loss: 0.0704, aur_loss: 0.7480, dcc_loss: 0.0000...
2024-06-27 05:43:03,709 - test.py - INFO: Iter: 8400; Elasped: 3:00:46; ETA: 4:09:37; LR: 3.675e-05; cls_loss: 0.0733, cls_loss_aux: 0.0939, ptc_loss: 0.0704, aur_loss: 0.7437, dcc_loss: 0.0000...
2024-06-27 05:46:41,288 - test.py - INFO: Iter: 8600; Elasped: 3:04:24; ETA: 4:04:26; LR: 3.618e-05; cls_loss: 0.0758, cls_loss_aux: 0.0964, ptc_loss: 0.0667, aur_loss: 0.7537, dcc_loss: 0.0000...
2024-06-27 05:50:08,377 - test.py - INFO: Iter: 8800; Elasped: 3:07:51; ETA: 3:59:04; LR: 3.561e-05; cls_loss: 0.0727, cls_loss_aux: 0.0930, ptc_loss: 0.0687, aur_loss: 0.7454, dcc_loss: 0.0000...
2024-06-27 05:53:36,326 - test.py - INFO: Iter: 9000; Elasped: 3:11:19; ETA: 3:53:49; LR: 3.504e-05; cls_loss: 0.0830, cls_loss_aux: 0.1060, ptc_loss: 0.0735, aur_loss: 0.7466, dcc_loss: 0.0000...
2024-06-27 05:57:15,858 - test.py - INFO: Iter: 9200; Elasped: 3:14:58; ETA: 3:48:52; LR: 3.446e-05; cls_loss: 0.0877, cls_loss_aux: 0.1035, ptc_loss: 0.0695, aur_loss: 0.7435, dcc_loss: 0.0000...
2024-06-27 06:00:45,698 - test.py - INFO: Iter: 9400; Elasped: 3:18:28; ETA: 3:43:48; LR: 3.389e-05; cls_loss: 0.0714, cls_loss_aux: 0.0913, ptc_loss: 0.0675, aur_loss: 0.7441, dcc_loss: 0.0000...
2024-06-27 06:04:17,992 - test.py - INFO: Iter: 9600; Elasped: 3:22:00; ETA: 3:38:50; LR: 3.331e-05; cls_loss: 0.0653, cls_loss_aux: 0.0824, ptc_loss: 0.0611, aur_loss: 0.7473, dcc_loss: 0.0000...
2024-06-27 06:07:46,261 - test.py - INFO: Iter: 9800; Elasped: 3:25:29; ETA: 3:33:52; LR: 3.273e-05; cls_loss: 0.0737, cls_loss_aux: 0.0912, ptc_loss: 0.0742, aur_loss: 0.7480, dcc_loss: 0.0000...
2024-06-27 06:11:18,796 - test.py - INFO: Iter: 10000; Elasped: 3:29:01; ETA: 3:29:01; LR: 3.216e-05; cls_loss: 0.0912, cls_loss_aux: 0.1116, ptc_loss: 0.0768, aur_loss: 0.7460, dcc_loss: 0.0000...
2024-06-27 06:11:18,797 - test.py - INFO: Validating...
2024-06-27 06:19:20,769 - test.py - INFO: val cls score: 0.872976
2024-06-27 06:19:20,769 - test.py - INFO: 
+--------------+--------+---------+----------+
|    Class     |  CAM   | aux_CAM | Seg_Pred |
+==============+========+=========+==========+
| _background_ | 86.548 | 86.804  | 86.170   |
+--------------+--------+---------+----------+
| aeroplane    | 75.530 | 75.813  | 72.654   |
+--------------+--------+---------+----------+
| bicycle      | 38.103 | 28.326  | 30.866   |
+--------------+--------+---------+----------+
| bird         | 52.010 | 56.643  | 56.692   |
+--------------+--------+---------+----------+
| boat         | 47.322 | 54.497  | 43.129   |
+--------------+--------+---------+----------+
| bottle       | 65.408 | 60.299  | 57.669   |
+--------------+--------+---------+----------+
| bus          | 86.456 | 84.256  | 81.372   |
+--------------+--------+---------+----------+
| car          | 78.314 | 69.165  | 72.603   |
+--------------+--------+---------+----------+
| cat          | 81.121 | 77.540  | 79.868   |
+--------------+--------+---------+----------+
| chair        | 32.799 | 34.096  | 21.760   |
+--------------+--------+---------+----------+
| cow          | 84.261 | 62.806  | 76.129   |
+--------------+--------+---------+----------+
| diningtable  | 48.413 | 49.926  | 41.536   |
+--------------+--------+---------+----------+
| dog          | 78.698 | 70.695  | 66.131   |
+--------------+--------+---------+----------+
| horse        | 85.822 | 79.801  | 61.397   |
+--------------+--------+---------+----------+
| motorbike    | 72.606 | 74.208  | 67.005   |
+--------------+--------+---------+----------+
| person       | 62.145 | 65.116  | 63.876   |
+--------------+--------+---------+----------+
| pottedplant  | 28.053 | 44.776  | 25.861   |
+--------------+--------+---------+----------+
| sheep        | 86.876 | 80.513  | 82.536   |
+--------------+--------+---------+----------+
| sofa         | 43.278 | 63.331  | 32.631   |
+--------------+--------+---------+----------+
| train        | 63.018 | 58.676  | 59.998   |
+--------------+--------+---------+----------+
| tvmonitor    | 42.438 | 60.317  | 38.798   |
+--------------+--------+---------+----------+
| mIoU         | 63.772 | 63.695  | 58.032   |
+--------------+--------+---------+----------+
2024-06-27 06:22:49,374 - test.py - INFO: Iter: 10200; Elasped: 3:40:32; ETA: 3:31:53; LR: 3.158e-05; cls_loss: 0.0771, cls_loss_aux: 0.0929, ptc_loss: 0.0675, aur_loss: 0.7489, dcc_loss: 0.0000...
2024-06-27 06:26:30,034 - test.py - INFO: Iter: 10400; Elasped: 3:44:13; ETA: 3:26:58; LR: 3.100e-05; cls_loss: 0.0661, cls_loss_aux: 0.0797, ptc_loss: 0.0523, aur_loss: 0.7522, dcc_loss: 0.0000...
2024-06-27 06:30:00,834 - test.py - INFO: Iter: 10600; Elasped: 3:47:43; ETA: 3:21:56; LR: 3.041e-05; cls_loss: 0.0680, cls_loss_aux: 0.0830, ptc_loss: 0.0595, aur_loss: 0.7523, dcc_loss: 0.0000...
2024-06-27 06:33:26,289 - test.py - INFO: Iter: 10800; Elasped: 3:51:09; ETA: 3:16:54; LR: 2.983e-05; cls_loss: 0.0705, cls_loss_aux: 0.0806, ptc_loss: 0.0670, aur_loss: 0.7534, dcc_loss: 0.0000...
2024-06-27 06:36:59,264 - test.py - INFO: Iter: 11000; Elasped: 3:54:42; ETA: 3:12:01; LR: 2.925e-05; cls_loss: 0.0712, cls_loss_aux: 0.0805, ptc_loss: 0.0694, aur_loss: 0.7543, dcc_loss: 0.0000...
2024-06-27 06:40:34,101 - test.py - INFO: Iter: 11200; Elasped: 3:58:17; ETA: 3:07:13; LR: 2.866e-05; cls_loss: 0.0647, cls_loss_aux: 0.0766, ptc_loss: 0.0587, aur_loss: 0.7474, dcc_loss: 0.0000...
2024-06-27 06:44:07,010 - test.py - INFO: Iter: 11400; Elasped: 4:01:50; ETA: 3:02:26; LR: 2.807e-05; cls_loss: 0.0645, cls_loss_aux: 0.0709, ptc_loss: 0.0623, aur_loss: 0.7501, dcc_loss: 0.0000...
2024-06-27 06:47:35,587 - test.py - INFO: Iter: 11600; Elasped: 4:05:18; ETA: 2:57:37; LR: 2.749e-05; cls_loss: 0.0737, cls_loss_aux: 0.0860, ptc_loss: 0.0718, aur_loss: 0.7519, dcc_loss: 0.0000...
2024-06-27 06:51:02,152 - test.py - INFO: Iter: 11800; Elasped: 4:08:45; ETA: 2:52:51; LR: 2.690e-05; cls_loss: 0.0682, cls_loss_aux: 0.0830, ptc_loss: 0.0697, aur_loss: 0.7520, dcc_loss: 0.0000...
2024-06-27 06:54:43,213 - test.py - INFO: Iter: 12000; Elasped: 4:12:26; ETA: 2:48:17; LR: 2.631e-05; cls_loss: 0.0782, cls_loss_aux: 0.0874, ptc_loss: 0.0671, aur_loss: 0.7523, dcc_loss: 0.0000...
2024-06-27 06:54:43,214 - test.py - INFO: Validating...
2024-06-27 07:02:45,903 - test.py - INFO: val cls score: 0.887284
2024-06-27 07:02:45,903 - test.py - INFO: 
+--------------+--------+---------+----------+
|    Class     |  CAM   | aux_CAM | Seg_Pred |
+==============+========+=========+==========+
| _background_ | 89.428 | 87.108  | 88.771   |
+--------------+--------+---------+----------+
| aeroplane    | 80.080 | 79.447  | 78.017   |
+--------------+--------+---------+----------+
| bicycle      | 43.934 | 35.782  | 40.873   |
+--------------+--------+---------+----------+
| bird         | 60.496 | 49.928  | 60.376   |
+--------------+--------+---------+----------+
| boat         | 58.200 | 54.149  | 54.940   |
+--------------+--------+---------+----------+
| bottle       | 68.721 | 56.842  | 67.634   |
+--------------+--------+---------+----------+
| bus          | 87.108 | 82.481  | 83.099   |
+--------------+--------+---------+----------+
| car          | 81.349 | 68.599  | 77.567   |
+--------------+--------+---------+----------+
| cat          | 85.074 | 77.815  | 81.524   |
+--------------+--------+---------+----------+
| chair        | 42.018 | 36.848  | 26.222   |
+--------------+--------+---------+----------+
| cow          | 78.086 | 65.287  | 75.453   |
+--------------+--------+---------+----------+
| diningtable  | 44.085 | 51.948  | 42.434   |
+--------------+--------+---------+----------+
| dog          | 81.464 | 71.699  | 75.233   |
+--------------+--------+---------+----------+
| horse        | 84.261 | 69.517  | 77.880   |
+--------------+--------+---------+----------+
| motorbike    | 75.057 | 73.850  | 71.450   |
+--------------+--------+---------+----------+
| person       | 76.507 | 73.831  | 76.094   |
+--------------+--------+---------+----------+
| pottedplant  | 45.102 | 45.931  | 42.143   |
+--------------+--------+---------+----------+
| sheep        | 85.443 | 79.085  | 78.494   |
+--------------+--------+---------+----------+
| sofa         | 43.124 | 63.755  | 29.718   |
+--------------+--------+---------+----------+
| train        | 60.177 | 54.901  | 57.535   |
+--------------+--------+---------+----------+
| tvmonitor    | 47.721 | 54.612  | 44.003   |
+--------------+--------+---------+----------+
| mIoU         | 67.497 | 63.496  | 63.308   |
+--------------+--------+---------+----------+
2024-06-27 07:06:25,861 - test.py - INFO: Iter: 12200; Elasped: 4:24:08; ETA: 2:48:52; LR: 2.571e-05; cls_loss: 0.0653, cls_loss_aux: 0.0790, ptc_loss: 0.0601, aur_loss: 0.7501, dcc_loss: 0.0000...
2024-06-27 07:09:59,167 - test.py - INFO: Iter: 12400; Elasped: 4:27:42; ETA: 2:44:04; LR: 2.512e-05; cls_loss: 0.0776, cls_loss_aux: 0.0876, ptc_loss: 0.0635, aur_loss: 0.7500, dcc_loss: 0.0000...
2024-06-27 07:13:26,930 - test.py - INFO: Iter: 12600; Elasped: 4:31:09; ETA: 2:39:14; LR: 2.452e-05; cls_loss: 0.0599, cls_loss_aux: 0.0656, ptc_loss: 0.0722, aur_loss: 0.7526, dcc_loss: 0.0000...
2024-06-27 07:16:58,091 - test.py - INFO: Iter: 12800; Elasped: 4:34:41; ETA: 2:34:30; LR: 2.393e-05; cls_loss: 0.0565, cls_loss_aux: 0.0649, ptc_loss: 0.0540, aur_loss: 0.7473, dcc_loss: 0.0000...
2024-06-27 07:20:38,711 - test.py - INFO: Iter: 13000; Elasped: 4:38:21; ETA: 2:29:52; LR: 2.333e-05; cls_loss: 0.0604, cls_loss_aux: 0.0724, ptc_loss: 0.0543, aur_loss: 0.7433, dcc_loss: 0.0000...
2024-06-27 07:24:20,623 - test.py - INFO: Iter: 13200; Elasped: 4:42:03; ETA: 2:25:17; LR: 2.273e-05; cls_loss: 0.0651, cls_loss_aux: 0.0714, ptc_loss: 0.0678, aur_loss: 0.7449, dcc_loss: 0.0000...
2024-06-27 07:27:55,542 - test.py - INFO: Iter: 13400; Elasped: 4:45:38; ETA: 2:20:41; LR: 2.212e-05; cls_loss: 0.0596, cls_loss_aux: 0.0661, ptc_loss: 0.0542, aur_loss: 0.7489, dcc_loss: 0.0000...
2024-06-27 07:31:20,954 - test.py - INFO: Iter: 13600; Elasped: 4:49:03; ETA: 2:16:01; LR: 2.152e-05; cls_loss: 0.0582, cls_loss_aux: 0.0679, ptc_loss: 0.0539, aur_loss: 0.7494, dcc_loss: 0.0000...
2024-06-27 07:35:09,810 - test.py - INFO: Iter: 13800; Elasped: 4:52:52; ETA: 2:11:34; LR: 2.091e-05; cls_loss: 0.0639, cls_loss_aux: 0.0741, ptc_loss: 0.0612, aur_loss: 0.7448, dcc_loss: 0.0000...
2024-06-27 07:38:48,735 - test.py - INFO: Iter: 14000; Elasped: 4:56:31; ETA: 2:07:04; LR: 2.031e-05; cls_loss: 0.0668, cls_loss_aux: 0.0752, ptc_loss: 0.0532, aur_loss: 0.7469, dcc_loss: 0.0000...
2024-06-27 07:38:48,735 - test.py - INFO: Validating...
2024-06-27 07:47:03,876 - test.py - INFO: val cls score: 0.889774
2024-06-27 07:47:03,877 - test.py - INFO: 
+--------------+--------+---------+----------+
|    Class     |  CAM   | aux_CAM | Seg_Pred |
+==============+========+=========+==========+
| _background_ | 89.332 | 87.173  | 88.780   |
+--------------+--------+---------+----------+
| aeroplane    | 78.800 | 74.109  | 76.323   |
+--------------+--------+---------+----------+
| bicycle      | 38.000 | 35.124  | 37.482   |
+--------------+--------+---------+----------+
| bird         | 61.552 | 69.407  | 59.823   |
+--------------+--------+---------+----------+
| boat         | 62.558 | 54.984  | 58.124   |
+--------------+--------+---------+----------+
| bottle       | 68.105 | 53.046  | 67.084   |
+--------------+--------+---------+----------+
| bus          | 85.409 | 74.586  | 83.007   |
+--------------+--------+---------+----------+
| car          | 73.797 | 59.077  | 66.217   |
+--------------+--------+---------+----------+
| cat          | 83.092 | 74.334  | 79.757   |
+--------------+--------+---------+----------+
| chair        | 39.882 | 39.221  | 28.465   |
+--------------+--------+---------+----------+
| cow          | 82.561 | 65.211  | 78.953   |
+--------------+--------+---------+----------+
| diningtable  | 51.896 | 50.815  | 44.718   |
+--------------+--------+---------+----------+
| dog          | 81.397 | 75.557  | 78.058   |
+--------------+--------+---------+----------+
| horse        | 83.517 | 73.082  | 76.181   |
+--------------+--------+---------+----------+
| motorbike    | 75.667 | 72.745  | 67.216   |
+--------------+--------+---------+----------+
| person       | 74.111 | 71.424  | 74.982   |
+--------------+--------+---------+----------+
| pottedplant  | 40.773 | 43.487  | 41.916   |
+--------------+--------+---------+----------+
| sheep        | 86.666 | 82.098  | 82.288   |
+--------------+--------+---------+----------+
| sofa         | 47.307 | 68.738  | 38.898   |
+--------------+--------+---------+----------+
| train        | 62.565 | 59.347  | 61.201   |
+--------------+--------+---------+----------+
| tvmonitor    | 53.743 | 56.609  | 49.721   |
+--------------+--------+---------+----------+
| mIoU         | 67.654 | 63.818  | 63.771   |
+--------------+--------+---------+----------+
2024-06-27 07:50:46,151 - test.py - INFO: Iter: 14200; Elasped: 5:08:29; ETA: 2:06:00; LR: 1.970e-05; cls_loss: 0.0623, cls_loss_aux: 0.0697, ptc_loss: 0.0511, aur_loss: 0.7454, dcc_loss: 0.0000...
2024-06-27 07:54:19,698 - test.py - INFO: Iter: 14400; Elasped: 5:12:02; ETA: 2:01:20; LR: 1.908e-05; cls_loss: 0.0643, cls_loss_aux: 0.0707, ptc_loss: 0.0599, aur_loss: 0.7432, dcc_loss: 0.0000...
2024-06-27 07:57:53,030 - test.py - INFO: Iter: 14600; Elasped: 5:15:36; ETA: 1:56:43; LR: 1.847e-05; cls_loss: 0.0572, cls_loss_aux: 0.0620, ptc_loss: 0.0589, aur_loss: 0.7459, dcc_loss: 0.0000...
2024-06-27 08:01:30,590 - test.py - INFO: Iter: 14800; Elasped: 5:19:13; ETA: 1:52:09; LR: 1.785e-05; cls_loss: 0.0500, cls_loss_aux: 0.0550, ptc_loss: 0.0618, aur_loss: 0.7486, dcc_loss: 0.0000...
2024-06-27 08:05:17,120 - test.py - INFO: Iter: 15000; Elasped: 5:23:00; ETA: 1:47:40; LR: 1.723e-05; cls_loss: 0.0606, cls_loss_aux: 0.0644, ptc_loss: 0.0567, aur_loss: 0.7478, dcc_loss: 0.0000...
2024-06-27 08:08:48,583 - test.py - INFO: Iter: 15200; Elasped: 5:26:31; ETA: 1:43:06; LR: 1.661e-05; cls_loss: 0.0555, cls_loss_aux: 0.0601, ptc_loss: 0.0544, aur_loss: 0.7437, dcc_loss: 0.0000...
2024-06-27 08:12:15,833 - test.py - INFO: Iter: 15400; Elasped: 5:29:58; ETA: 1:38:33; LR: 1.599e-05; cls_loss: 0.0593, cls_loss_aux: 0.0636, ptc_loss: 0.0548, aur_loss: 0.7481, dcc_loss: 0.0000...
2024-06-27 08:16:00,459 - test.py - INFO: Iter: 15600; Elasped: 5:33:43; ETA: 1:34:07; LR: 1.536e-05; cls_loss: 0.0518, cls_loss_aux: 0.0612, ptc_loss: 0.0544, aur_loss: 0.7526, dcc_loss: 0.0000...
